[2026-06-20T03:54:07.152Z] 收到搜索请求: q=access, type=english, page=1, pageSize=20, ua=Mozilla/5.0 (Windows NT 10.0; Win64; x64) AppleWeb
[2026-06-20T03:54:07.156Z] 返回结果: 找到 1 个, 返回 1 条
[2026-06-20T03:54:07.161Z] 收到搜索请求: q=access, type=english, page=1, pageSize=20, ua=Mozilla/5.0 (Windows NT 10.0; Win64; x64) AppleWeb
[2026-06-20T03:54:07.165Z] 返回结果: 找到 1 个, 返回 1 条
[2026-06-20T03:54:14.808Z] 收到搜索请求: q=acc, type=english, page=1, pageSize=20, ua=Mozilla/5.0 (Windows NT 10.0; Win64; x64) AppleWeb
[2026-06-20T03:54:14.812Z] 返回结果: 找到 14 个, 返回 14 条
[2026-06-20T03:54:16.574Z] 收到搜索请求: q=access, type=english, page=1, pageSize=20, ua=Mozilla/5.0 (Windows NT 10.0; Win64; x64) AppleWeb
[2026-06-20T03:54:16.577Z] 返回结果: 找到 1 个, 返回 1 条
[2026-06-20T03:54:17.908Z] 收到搜索请求: q=access, type=english, page=1, pageSize=20, ua=Mozilla/5.0 (Windows NT 10.0; Win64; x64) AppleWeb
[2026-06-20T03:54:17.911Z] 返回结果: 找到 1 个, 返回 1 条
[2026-06-20T03:54:20.728Z] 收到搜索请求: q=acces, type=english, page=1, pageSize=20, ua=Mozilla/5.0 (Windows NT 10.0; Win64; x64) AppleWeb
[2026-06-20T03:54:20.732Z] 返回结果: 找到 1 个, 返回 1 条
[2026-06-20T03:54:21.400Z] 收到搜索请求: q=acc, type=english, page=1, pageSize=20, ua=Mozilla/5.0 (Windows NT 10.0; Win64; x64) AppleWeb
[2026-06-20T03:54:21.402Z] 返回结果: 找到 14 个, 返回 14 条
[2026-06-20T03:54:21.818Z] 收到搜索请求: q=ac, type=english, page=1, pageSize=20, ua=Mozilla/5.0 (Windows NT 10.0; Win64; x64) AppleWeb
[2026-06-20T03:54:21.822Z] 返回结果: 找到 41 个, 返回 20 条
[2026-06-20T03:54:28.705Z] 收到搜索请求: q=access, type=english, page=1, pageSize=20, ua=Mozilla/5.0 (Windows NT 10.0; Win64; x64) AppleWeb
[2026-06-20T03:54:28.708Z] 返回结果: 找到 1 个, 返回 1 条
[2026-06-20T03:54:28.713Z] 收到搜索请求: q=access, type=english, page=1, pageSize=20, ua=Mozilla/5.0 (Windows NT 10.0; Win64; x64) AppleWeb
[2026-06-20T03:54:28.716Z] 返回结果: 找到 1 个, 返回 1 条
[2026-06-20T03:54:33.024Z] 收到搜索请求: q=f, type=chinese, page=1, pageSize=20, ua=Mozilla/5.0 (Windows NT 10.0; Win64; x64) AppleWeb
[2026-06-20T03:54:33.027Z] 返回结果: 找到 0 个, 返回 0 条
[2026-06-20T03:54:36.170Z] 收到搜索请求: q=fang'wen, type=chinese, page=1, pageSize=20, ua=Mozilla/5.0 (Windows NT 10.0; Win64; x64) AppleWeb
[2026-06-20T03:54:36.172Z] 返回结果: 找到 0 个, 返回 0 条
[2026-06-20T03:54:36.858Z] 收到搜索请求: q=访问, type=chinese, page=1, pageSize=20, ua=Mozilla/5.0 (Windows NT 10.0; Win64; x64) AppleWeb
[2026-06-20T03:54:36.861Z] 返回结果: 找到 1 个, 返回 1 条
[2026-06-20T03:54:41.418Z] 收到搜索请求: q=p, type=chinese, page=1, pageSize=20, ua=Mozilla/5.0 (Windows NT 10.0; Win64; x64) AppleWeb
[2026-06-20T03:54:41.421Z] 返回结果: 找到 1 个, 返回 1 条
[2026-06-20T03:54:42.214Z] 收到搜索请求: q=pao'qi, type=chinese, page=1, pageSize=20, ua=Mozilla/5.0 (Windows NT 10.0; Win64; x64) AppleWeb
[2026-06-20T03:54:42.217Z] 返回结果: 找到 0 个, 返回 0 条
[2026-06-20T03:54:43.020Z] 收到搜索请求: q=抛弃, type=chinese, page=1, pageSize=20, ua=Mozilla/5.0 (Windows NT 10.0; Win64; x64) AppleWeb
[2026-06-20T03:54:43.023Z] 返回结果: 找到 1 个, 返回 1 条
[2026-06-20T03:58:14.167Z] 收到搜索请求: q=access, type=english, page=1, pageSize=20, ua=Mozilla/5.0 (Windows NT 10.0; Win64; x64) AppleWeb
[2026-06-20T03:58:14.173Z] 返回结果: 找到 1 个, 返回 1 条
[2026-06-20T03:58:14.179Z] 收到搜索请求: q=access, type=english, page=1, pageSize=20, ua=Mozilla/5.0 (Windows NT 10.0; Win64; x64) AppleWeb
[2026-06-20T03:58:14.183Z] 返回结果: 找到 1 个, 返回 1 条
[2026-06-20T03:58:20.162Z] 收到搜索请求: q=access, type=english, page=1, pageSize=20, ua=Mozilla/5.0 (Windows NT 10.0; Win64; x64) AppleWeb
[2026-06-20T03:58:20.167Z] 返回结果: 找到 1 个, 返回 1 条
[2026-06-20T03:58:20.172Z] 收到搜索请求: q=access, type=english, page=1, pageSize=20, ua=Mozilla/5.0 (Windows NT 10.0; Win64; x64) AppleWeb
[2026-06-20T03:58:20.177Z] 返回结果: 找到 1 个, 返回 1 条
[2026-06-20T03:58:55.627Z] 收到搜索请求: q=access, type=english, page=1, pageSize=20, ua=Mozilla/5.0 (Windows NT 10.0; Win64; x64) AppleWeb
[2026-06-20T03:58:55.631Z] 返回结果: 找到 1 个, 返回 1 条
[2026-06-20T03:58:55.634Z] 收到搜索请求: q=access, type=english, page=1, pageSize=20, ua=Mozilla/5.0 (Windows NT 10.0; Win64; x64) AppleWeb
[2026-06-20T03:58:55.637Z] 返回结果: 找到 1 个, 返回 1 条
[2026-06-20T03:59:06.291Z] 收到搜索请求: q=access, type=english, page=1, pageSize=20, ua=Mozilla/5.0 (Windows NT 10.0; Win64; x64) AppleWeb
[2026-06-20T03:59:06.294Z] 返回结果: 找到 1 个, 返回 1 条
[2026-06-20T03:59:08.371Z] 收到搜索请求: q=acces, type=english, page=1, pageSize=20, ua=Mozilla/5.0 (Windows NT 10.0; Win64; x64) AppleWeb
[2026-06-20T03:59:08.375Z] 返回结果: 找到 1 个, 返回 1 条
[2026-06-20T03:59:14.542Z] 收到搜索请求: q=aband, type=english, page=1, pageSize=20, ua=Mozilla/5.0 (Windows NT 10.0; Win64; x64) AppleWeb
[2026-06-20T03:59:14.545Z] 返回结果: 找到 1 个, 返回 1 条
[2026-06-20T03:59:15.214Z] 收到搜索请求: q=abandon, type=english, page=1, pageSize=20, ua=Mozilla/5.0 (Windows NT 10.0; Win64; x64) AppleWeb
[2026-06-20T03:59:15.217Z] 返回结果: 找到 1 个, 返回 1 条
[2026-06-20T03:59:16.386Z] 收到搜索请求: q=aba, type=english, page=1, pageSize=20, ua=Mozilla/5.0 (Windows NT 10.0; Win64; x64) AppleWeb
[2026-06-20T03:59:16.389Z] 返回结果: 找到 2 个, 返回 2 条
[2026-06-20T03:59:16.711Z] 收到搜索请求: q=ab, type=english, page=1, pageSize=20, ua=Mozilla/5.0 (Windows NT 10.0; Win64; x64) AppleWeb
[2026-06-20T03:59:16.714Z] 返回结果: 找到 31 个, 返回 20 条
[2026-06-20T03:59:22.406Z] 收到搜索请求: q=ab, type=chinese, page=1, pageSize=20, ua=Mozilla/5.0 (Windows NT 10.0; Win64; x64) AppleWeb
[2026-06-20T03:59:22.409Z] 返回结果: 找到 0 个, 返回 0 条
[2026-06-20T03:59:26.652Z] 收到搜索请求: q=paoq, type=chinese, page=1, pageSize=20, ua=Mozilla/5.0 (Windows NT 10.0; Win64; x64) AppleWeb
[2026-06-20T03:59:26.656Z] 返回结果: 找到 0 个, 返回 0 条
[2026-06-20T03:59:28.403Z] 收到搜索请求: q=pao, type=chinese, page=1, pageSize=20, ua=Mozilla/5.0 (Windows NT 10.0; Win64; x64) AppleWeb
[2026-06-20T03:59:28.406Z] 返回结果: 找到 0 个, 返回 0 条
[2026-06-20T03:59:29.730Z] 收到搜索请求: q=p, type=chinese, page=1, pageSize=20, ua=Mozilla/5.0 (Windows NT 10.0; Win64; x64) AppleWeb
[2026-06-20T03:59:29.734Z] 返回结果: 找到 1 个, 返回 1 条
[2026-06-20T03:59:30.428Z] 收到搜索请求: q=pao'qi, type=chinese, page=1, pageSize=20, ua=Mozilla/5.0 (Windows NT 10.0; Win64; x64) AppleWeb
[2026-06-20T03:59:30.431Z] 返回结果: 找到 0 个, 返回 0 条
[2026-06-20T03:59:31.054Z] 收到搜索请求: q=抛弃, type=chinese, page=1, pageSize=20, ua=Mozilla/5.0 (Windows NT 10.0; Win64; x64) AppleWeb
[2026-06-20T03:59:31.057Z] 返回结果: 找到 1 个, 返回 1 条
[2026-06-20T03:59:34.469Z] 收到搜索请求: q=fang'wen, type=chinese, page=1, pageSize=20, ua=Mozilla/5.0 (Windows NT 10.0; Win64; x64) AppleWeb
[2026-06-20T03:59:34.472Z] 返回结果: 找到 0 个, 返回 0 条
[2026-06-20T03:59:34.799Z] 收到搜索请求: q=访问2, type=chinese, page=1, pageSize=20, ua=Mozilla/5.0 (Windows NT 10.0; Win64; x64) AppleWeb
[2026-06-20T03:59:34.802Z] 返回结果: 找到 0 个, 返回 0 条
[2026-06-20T03:59:36.506Z] 收到搜索请求: q=访问, type=chinese, page=1, pageSize=20, ua=Mozilla/5.0 (Windows NT 10.0; Win64; x64) AppleWeb
[2026-06-20T03:59:36.510Z] 返回结果: 找到 1 个, 返回 1 条
[2026-06-20T03:59:41.056Z] 收到搜索请求: q=access, type=english, page=1, pageSize=20, ua=Mozilla/5.0 (Windows NT 10.0; Win64; x64) AppleWeb
[2026-06-20T03:59:41.059Z] 返回结果: 找到 1 个, 返回 1 条
[2026-06-20T03:59:41.065Z] 收到搜索请求: q=access, type=english, page=1, pageSize=20, ua=Mozilla/5.0 (Windows NT 10.0; Win64; x64) AppleWeb
[2026-06-20T03:59:41.069Z] 返回结果: 找到 1 个, 返回 1 条
[2026-06-20T03:59:47.848Z] 收到搜索请求: q=access, type=english, page=1, pageSize=20, ua=Mozilla/5.0 (Windows NT 10.0; Win64; x64) AppleWeb
[2026-06-20T03:59:47.852Z] 返回结果: 找到 1 个, 返回 1 条
[2026-06-20T03:59:47.858Z] 收到搜索请求: q=access, type=english, page=1, pageSize=20, ua=Mozilla/5.0 (Windows NT 10.0; Win64; x64) AppleWeb
[2026-06-20T03:59:47.860Z] 返回结果: 找到 1 个, 返回 1 条
[2026-06-20T03:59:50.299Z] 收到搜索请求: q=dao'd, type=chinese, page=1, pageSize=20, ua=Mozilla/5.0 (Windows NT 10.0; Win64; x64) AppleWeb
[2026-06-20T03:59:50.302Z] 返回结果: 找到 0 个, 返回 0 条
[2026-06-20T03:59:50.843Z] 收到搜索请求: q=dao'dao, type=chinese, page=1, pageSize=20, ua=Mozilla/5.0 (Windows NT 10.0; Win64; x64) AppleWeb
[2026-06-20T03:59:50.846Z] 返回结果: 找到 0 个, 返回 0 条
[2026-06-20T03:59:52.123Z] 收到搜索请求: q=da, type=chinese, page=1, pageSize=20, ua=Mozilla/5.0 (Windows NT 10.0; Win64; x64) AppleWeb
[2026-06-20T03:59:52.129Z] 返回结果: 找到 0 个, 返回 0 条
[2026-06-20T03:59:52.827Z] 收到搜索请求: q=da'dao, type=chinese, page=1, pageSize=20, ua=Mozilla/5.0 (Windows NT 10.0; Win64; x64) AppleWeb
[2026-06-20T03:59:52.830Z] 返回结果: 找到 0 个, 返回 0 条
[2026-06-20T03:59:53.495Z] 收到搜索请求: q=达到, type=chinese, page=1, pageSize=20, ua=Mozilla/5.0 (Windows NT 10.0; Win64; x64) AppleWeb
[2026-06-20T03:59:53.498Z] 返回结果: 找到 3 个, 返回 3 条
[2026-06-20T03:59:57.908Z] 收到搜索请求: q=access, type=english, page=1, pageSize=20, ua=Mozilla/5.0 (Windows NT 10.0; Win64; x64) AppleWeb
[2026-06-20T03:59:57.912Z] 返回结果: 找到 1 个, 返回 1 条
[2026-06-20T03:59:57.916Z] 收到搜索请求: q=access, type=english, page=1, pageSize=20, ua=Mozilla/5.0 (Windows NT 10.0; Win64; x64) AppleWeb
[2026-06-20T03:59:57.919Z] 返回结果: 找到 1 个, 返回 1 条
[2026-06-20T04:00:07.001Z] 收到搜索请求: q=hao, type=english, page=1, pageSize=20, ua=Mozilla/5.0 (Windows NT 10.0; Win64; x64) AppleWeb
[2026-06-20T04:00:07.004Z] 返回结果: 找到 0 个, 返回 0 条
[2026-06-20T04:00:07.434Z] 收到搜索请求: q=好, type=english, page=1, pageSize=20, ua=Mozilla/5.0 (Windows NT 10.0; Win64; x64) AppleWeb
[2026-06-20T04:00:07.437Z] 返回结果: 找到 0 个, 返回 0 条
[2026-06-20T04:00:10.690Z] 收到搜索请求: q=b, type=english, page=1, pageSize=20, ua=Mozilla/5.0 (Windows NT 10.0; Win64; x64) AppleWeb
[2026-06-20T04:00:10.693Z] 返回结果: 找到 140 个, 返回 20 条
[2026-06-20T04:00:12.074Z] 收到搜索请求: q=bi, type=english, page=1, pageSize=20, ua=Mozilla/5.0 (Windows NT 10.0; Win64; x64) AppleWeb
[2026-06-20T04:00:12.077Z] 返回结果: 找到 21 个, 返回 20 条
[2026-06-20T04:00:13.789Z] 收到搜索请求: q=bia, type=english, page=1, pageSize=20, ua=Mozilla/5.0 (Windows NT 10.0; Win64; x64) AppleWeb
[2026-06-20T04:00:13.791Z] 返回结果: 找到 2 个, 返回 2 条
[2026-06-20T04:00:20.624Z] 收到搜索请求: q=b, type=english, page=1, pageSize=20, ua=Mozilla/5.0 (Windows NT 10.0; Win64; x64) AppleWeb
[2026-06-20T04:00:20.627Z] 返回结果: 找到 140 个, 返回 20 条
[2026-06-20T04:00:22.106Z] 收到搜索请求: q=ba, type=english, page=1, pageSize=20, ua=Mozilla/5.0 (Windows NT 10.0; Win64; x64) AppleWeb
[2026-06-20T04:00:22.109Z] 返回结果: 找到 19 个, 返回 19 条
[2026-06-20T04:00:23.655Z] 收到搜索请求: q=bal, type=english, page=1, pageSize=20, ua=Mozilla/5.0 (Windows NT 10.0; Win64; x64) AppleWeb
[2026-06-20T04:00:23.659Z] 返回结果: 找到 4 个, 返回 4 条
[2026-06-20T04:00:26.113Z] 收到搜索请求: q=bald, type=english, page=1, pageSize=20, ua=Mozilla/5.0 (Windows NT 10.0; Win64; x64) AppleWeb
[2026-06-20T04:00:26.116Z] 返回结果: 找到 1 个, 返回 1 条
[2026-06-20T04:00:29.699Z] 收到搜索请求: q=access, type=english, page=1, pageSize=20, ua=Mozilla/5.0 (Windows NT 10.0; Win64; x64) AppleWeb
[2026-06-20T04:00:29.702Z] 返回结果: 找到 1 个, 返回 1 条
[2026-06-20T04:00:29.708Z] 收到搜索请求: q=access, type=english, page=1, pageSize=20, ua=Mozilla/5.0 (Windows NT 10.0; Win64; x64) AppleWeb
[2026-06-20T04:00:29.711Z] 返回结果: 找到 1 个, 返回 1 条
[2026-06-20T04:29:33.824Z] 收到搜索请求: q=access, type=english, page=1, pageSize=20, ua=Mozilla/5.0 (Windows NT 10.0; Win64; x64) AppleWeb
[2026-06-20T04:29:33.827Z] 返回结果: 找到 1 个, 返回 1 条
[2026-06-20T04:29:33.841Z] 收到搜索请求: q=access, type=english, page=1, pageSize=20, ua=Mozilla/5.0 (Windows NT 10.0; Win64; x64) AppleWeb
[2026-06-20T04:29:33.844Z] 返回结果: 找到 1 个, 返回 1 条
[2026-06-20T04:31:35.645Z] 收到搜索请求: q=access, type=english, page=1, pageSize=20, ua=Mozilla/5.0 (Windows NT 10.0; Win64; x64) AppleWeb
[2026-06-20T04:31:35.650Z] 返回结果: 找到 1 个, 返回 1 条
[2026-06-20T04:31:35.655Z] 收到搜索请求: q=access, type=english, page=1, pageSize=20, ua=Mozilla/5.0 (Windows NT 10.0; Win64; x64) AppleWeb
[2026-06-20T04:31:35.660Z] 返回结果: 找到 1 个, 返回 1 条
[2026-06-20T04:31:44.776Z] 收到搜索请求: q=access, type=english, page=1, pageSize=20, ua=Mozilla/5.0 (Windows NT 10.0; Win64; x64) AppleWeb
[2026-06-20T04:31:44.779Z] 返回结果: 找到 1 个, 返回 1 条
[2026-06-20T04:31:44.784Z] 收到搜索请求: q=access, type=english, page=1, pageSize=20, ua=Mozilla/5.0 (Windows NT 10.0; Win64; x64) AppleWeb
[2026-06-20T04:31:44.787Z] 返回结果: 找到 1 个, 返回 1 条
[2026-06-20T04:35:13.871Z] 收到搜索请求: q=access, type=english, page=1, pageSize=20, ua=Mozilla/5.0 (Windows NT 10.0; Win64; x64) AppleWeb
[2026-06-20T04:35:13.875Z] 返回结果: 找到 1 个, 返回 1 条
[2026-06-20T04:35:13.880Z] 收到搜索请求: q=access, type=english, page=1, pageSize=20, ua=Mozilla/5.0 (Windows NT 10.0; Win64; x64) AppleWeb
[2026-06-20T04:35:13.883Z] 返回结果: 找到 1 个, 返回 1 条
[2026-06-20T04:37:18.902Z] 收到搜索请求: q=a'c'c, type=english, page=1, pageSize=20, ua=Mozilla/5.0 (Windows NT 10.0; Win64; x64) AppleWeb
[2026-06-20T04:37:18.905Z] 返回结果: 找到 0 个, 返回 0 条
[2026-06-20T04:37:19.215Z] 收到搜索请求: q=acc, type=english, page=1, pageSize=20, ua=Mozilla/5.0 (Windows NT 10.0; Win64; x64) AppleWeb
[2026-06-20T04:37:19.218Z] 返回结果: 找到 14 个, 返回 14 条
[2026-06-20T04:37:36.255Z] 收到搜索请求: q=a, type=english, page=1, pageSize=20, ua=Mozilla/5.0 (Windows NT 10.0; Win64; x64) AppleWeb
[2026-06-20T04:37:36.258Z] 返回结果: 找到 403 个, 返回 20 条
[2026-06-20T04:37:38.163Z] 收到搜索请求: q=acc, type=english, page=1, pageSize=20, ua=Mozilla/5.0 (Windows NT 10.0; Win64; x64) AppleWeb
[2026-06-20T04:37:38.166Z] 返回结果: 找到 14 个, 返回 14 条
[2026-06-20T04:37:39.758Z] 收到搜索请求: q=access, type=english, page=1, pageSize=20, ua=Mozilla/5.0 (Windows NT 10.0; Win64; x64) AppleWeb
[2026-06-20T04:37:39.761Z] 返回结果: 找到 1 个, 返回 1 条
[2026-06-20T04:37:40.642Z] 收到搜索请求: q=access, type=english, page=1, pageSize=20, ua=Mozilla/5.0 (Windows NT 10.0; Win64; x64) AppleWeb
[2026-06-20T04:37:40.645Z] 返回结果: 找到 1 个, 返回 1 条
[2026-06-20T04:37:46.606Z] 收到搜索请求: q=access, type=english, page=1, pageSize=20, ua=Mozilla/5.0 (Windows NT 10.0; Win64; x64) AppleWeb
[2026-06-20T04:37:46.609Z] 返回结果: 找到 1 个, 返回 1 条
[2026-06-20T04:40:14.903Z] 收到搜索请求: q=access, type=english, page=1, pageSize=20, ua=Mozilla/5.0 (Windows NT; Windows NT 10.0; zh-CN) W
[2026-06-20T04:40:14.906Z] 返回结果: 找到 1 个, 返回 1 条
[2026-06-20T04:41:02.267Z] 收到搜索请求: q=access, type=english, page=1, pageSize=20, ua=Mozilla/5.0 (Windows NT 10.0; Win64; x64) AppleWeb
[2026-06-20T04:41:02.269Z] 返回结果: 找到 1 个, 返回 1 条
[2026-06-20T05:00:18.626Z] 收到搜索请求: q=access, type=english, page=1, pageSize=20, ua=Mozilla/5.0 (Windows NT; Windows NT 10.0; zh-CN) W
[2026-06-20T05:00:18.630Z] 返回结果: 找到 1 个, 返回 1 条
[2026-06-20T05:01:45.315Z] 收到搜索请求: q=a, type=english, page=1, pageSize=20, ua=Mozilla/5.0 (Windows NT 10.0; Win64; x64) AppleWeb
[2026-06-20T05:01:45.318Z] 返回结果: 找到 403 个, 返回 20 条
[2026-06-20T05:01:45.827Z] 收到搜索请求: q=acc, type=english, page=1, pageSize=20, ua=Mozilla/5.0 (Windows NT 10.0; Win64; x64) AppleWeb
[2026-06-20T05:01:45.830Z] 返回结果: 找到 14 个, 返回 14 条
[2026-06-20T05:01:46.171Z] 收到搜索请求: q=acce, type=english, page=1, pageSize=20, ua=Mozilla/5.0 (Windows NT 10.0; Win64; x64) AppleWeb
[2026-06-20T05:01:46.174Z] 返回结果: 找到 3 个, 返回 3 条
[2026-06-20T05:01:46.641Z] 收到搜索请求: q=access, type=english, page=1, pageSize=20, ua=Mozilla/5.0 (Windows NT 10.0; Win64; x64) AppleWeb
[2026-06-20T05:01:46.644Z] 返回结果: 找到 1 个, 返回 1 条
[2026-06-20T05:01:54.733Z] 收到搜索请求: q=acce, type=english, page=1, pageSize=20, ua=Mozilla/5.0 (Windows NT 10.0; Win64; x64) AppleWeb
[2026-06-20T05:01:54.736Z] 返回结果: 找到 3 个, 返回 3 条
[2026-06-20T05:01:55.869Z] 收到搜索请求: q=access, type=english, page=1, pageSize=20, ua=Mozilla/5.0 (Windows NT 10.0; Win64; x64) AppleWeb
[2026-06-20T05:01:55.871Z] 返回结果: 找到 1 个, 返回 1 条
[2026-06-20T05:02:13.132Z] 收到搜索请求: q=a, type=english, page=1, pageSize=20, ua=Mozilla/5.0 (Windows NT 10.0; Win64; x64) AppleWeb
[2026-06-20T05:02:13.134Z] 返回结果: 找到 403 个, 返回 20 条
[2026-06-20T05:03:59.549Z] 收到搜索请求: q=access, type=english, page=1, pageSize=20, ua=Mozilla/5.0 (Windows NT; Windows NT 10.0; zh-CN) W
[2026-06-20T05:03:59.553Z] 返回结果: 找到 1 个, 返回 1 条
[2026-06-20T05:04:09.082Z] 收到搜索请求: q=abandon, type=english, page=1, pageSize=20, ua=Mozilla/5.0 (Windows NT; Windows NT 10.0; zh-CN) W
[2026-06-20T05:04:09.085Z] 返回结果: 找到 1 个, 返回 1 条
[2026-06-20T05:04:09.090Z] 收到搜索请求: q=ability, type=english, page=1, pageSize=20, ua=Mozilla/5.0 (Windows NT; Windows NT 10.0; zh-CN) W
[2026-06-20T05:04:09.093Z] 返回结果: 找到 2 个, 返回 2 条
[2026-06-20T05:04:43.967Z] 收到搜索请求: q=a'c'c, type=english, page=1, pageSize=20, ua=Mozilla/5.0 (Windows NT 10.0; Win64; x64) AppleWeb
[2026-06-20T05:04:43.969Z] 返回结果: 找到 0 个, 返回 0 条
[2026-06-20T05:04:44.336Z] 收到搜索请求: q=acce, type=english, page=1, pageSize=20, ua=Mozilla/5.0 (Windows NT 10.0; Win64; x64) AppleWeb
[2026-06-20T05:04:44.339Z] 返回结果: 找到 3 个, 返回 3 条
[2026-06-20T05:11:32.261Z] 收到搜索请求: q=a, type=english, page=1, pageSize=20, ua=Mozilla/5.0 (Windows NT 10.0; Win64; x64) AppleWeb
[2026-06-20T05:11:32.264Z] 返回结果: 找到 403 个, 返回 20 条
[2026-06-20T05:11:33.497Z] 收到搜索请求: q=abandon, type=english, page=1, pageSize=20, ua=Mozilla/5.0 (Windows NT 10.0; Win64; x64) AppleWeb
[2026-06-20T05:11:33.503Z] 返回结果: 找到 1 个, 返回 1 条
[2026-06-20T05:13:09.725Z] 收到搜索请求: q=acce, type=english, page=1, pageSize=20, ua=Mozilla/5.0 (Windows NT 10.0; Win64; x64) AppleWeb
[2026-06-20T05:13:09.729Z] 返回结果: 找到 3 个, 返回 3 条
[2026-06-20T05:15:05.846Z] 收到搜索请求: q=an, type=english, page=1, pageSize=20, ua=Mozilla/5.0 (Windows NT 10.0; Win64; x64) AppleWeb
[2026-06-20T05:15:05.850Z] 返回结果: 找到 59 个, 返回 20 条
[2026-06-20T05:15:06.407Z] 收到搜索请求: q=a, type=english, page=1, pageSize=20, ua=Mozilla/5.0 (Windows NT 10.0; Win64; x64) AppleWeb
[2026-06-20T05:15:06.409Z] 返回结果: 找到 403 个, 返回 20 条
[2026-06-20T05:15:06.937Z] 收到搜索请求: q=ab, type=english, page=1, pageSize=20, ua=Mozilla/5.0 (Windows NT 10.0; Win64; x64) AppleWeb
[2026-06-20T05:15:06.939Z] 返回结果: 找到 31 个, 返回 20 条
[2026-06-20T05:15:07.840Z] 收到搜索请求: q=aban, type=english, page=1, pageSize=20, ua=Mozilla/5.0 (Windows NT 10.0; Win64; x64) AppleWeb
[2026-06-20T05:15:07.842Z] 返回结果: 找到 1 个, 返回 1 条
[2026-06-20T05:15:17.641Z] 收到搜索请求: q=a, type=english, page=1, pageSize=20, ua=Mozilla/5.0 (Windows NT 10.0; Win64; x64) AppleWeb
[2026-06-20T05:15:17.643Z] 返回结果: 找到 403 个, 返回 20 条
[2026-06-20T05:15:18.079Z] 收到搜索请求: q=ab, type=english, page=1, pageSize=20, ua=Mozilla/5.0 (Windows NT 10.0; Win64; x64) AppleWeb
[2026-06-20T05:15:18.081Z] 返回结果: 找到 31 个, 返回 20 条
[2026-06-20T05:15:18.775Z] 收到搜索请求: q=abon, type=english, page=1, pageSize=20, ua=Mozilla/5.0 (Windows NT 10.0; Win64; x64) AppleWeb
[2026-06-20T05:15:18.777Z] 返回结果: 找到 0 个, 返回 0 条
[2026-06-20T05:15:19.320Z] 收到搜索请求: q=abondon, type=english, page=1, pageSize=20, ua=Mozilla/5.0 (Windows NT 10.0; Win64; x64) AppleWeb
[2026-06-20T05:15:19.322Z] 返回结果: 找到 0 个, 返回 0 条
[2026-06-20T05:15:21.438Z] 收到搜索请求: q=ab, type=english, page=1, pageSize=20, ua=Mozilla/5.0 (Windows NT 10.0; Win64; x64) AppleWeb
[2026-06-20T05:15:21.441Z] 返回结果: 找到 31 个, 返回 20 条
[2026-06-20T05:15:22.886Z] 收到搜索请求: q=abandon, type=english, page=1, pageSize=20, ua=Mozilla/5.0 (Windows NT 10.0; Win64; x64) AppleWeb
[2026-06-20T05:15:22.888Z] 返回结果: 找到 1 个, 返回 1 条
[2026-06-20T05:15:24.621Z] 收到搜索请求: q=abandon, type=english, page=1, pageSize=20, ua=Mozilla/5.0 (Windows NT 10.0; Win64; x64) AppleWeb
[2026-06-20T05:15:24.623Z] 返回结果: 找到 1 个, 返回 1 条
[2026-06-20T05:15:25.865Z] 收到搜索请求: q=abandon, type=english, page=1, pageSize=20, ua=Mozilla/5.0 (Windows NT 10.0; Win64; x64) AppleWeb
[2026-06-20T05:15:25.867Z] 返回结果: 找到 1 个, 返回 1 条
[2026-06-20T05:44:59.087Z] 收到搜索请求: q=access, type=english, page=1, pageSize=20, ua=Mozilla/5.0 (Windows NT; Windows NT 10.0; zh-CN) W
[2026-06-20T05:44:59.090Z] 返回结果: 找到 1 个, 返回 1 条
[2026-06-20T05:46:10.091Z] 收到搜索请求: q=acc, type=english, page=1, pageSize=20, ua=Mozilla/5.0 (Windows NT 10.0; Win64; x64) AppleWeb
[2026-06-20T05:46:10.093Z] 返回结果: 找到 6 个, 返回 6 条
[2026-06-20T05:55:18.883Z] 收到搜索请求: q=accexx, type=english, page=1, pageSize=20, ua=Mozilla/5.0 (Windows NT 10.0; Win64; x64) AppleWeb
[2026-06-20T05:55:18.886Z] 返回结果: 找到 0 个, 返回 0 条
[2026-06-20T05:55:19.888Z] 收到搜索请求: q=accex, type=english, page=1, pageSize=20, ua=Mozilla/5.0 (Windows NT 10.0; Win64; x64) AppleWeb
[2026-06-20T05:55:19.890Z] 返回结果: 找到 0 个, 返回 0 条
[2026-06-20T05:55:20.246Z] 收到搜索请求: q=acce, type=english, page=1, pageSize=20, ua=Mozilla/5.0 (Windows NT 10.0; Win64; x64) AppleWeb
[2026-06-20T05:55:20.249Z] 返回结果: 找到 2 个, 返回 2 条
[2026-06-20T05:55:30.241Z] 收到搜索请求: q=accexx, type=english, page=1, pageSize=20, ua=Mozilla/5.0 (Windows NT 10.0; Win64; x64) AppleWeb
[2026-06-20T05:55:30.243Z] 返回结果: 找到 0 个, 返回 0 条
[2026-06-20T05:55:31.643Z] 收到搜索请求: q=acce, type=english, page=1, pageSize=20, ua=Mozilla/5.0 (Windows NT 10.0; Win64; x64) AppleWeb
[2026-06-20T05:55:31.645Z] 返回结果: 找到 2 个, 返回 2 条
[2026-06-20T06:10:54.275Z] 收到搜索请求: q=a, type=english, page=1, pageSize=20, ua=Mozilla/5.0 (Windows NT 10.0; Win64; x64) AppleWeb
[2026-06-20T06:10:54.280Z] 返回结果: 找到 104 个, 返回 20 条
[2026-06-22T10:45:09.783Z] 收到搜索请求: q=a'c, type=english, page=1, pageSize=20, ua=Mozilla/5.0 (Windows NT 10.0; Win64; x64) AppleWeb
[2026-06-22T10:45:09.805Z] 返回结果: 找到 0 个, 返回 0 条
[2026-06-22T10:45:10.306Z] 收到搜索请求: q=ac, type=english, page=1, pageSize=20, ua=Mozilla/5.0 (Windows NT 10.0; Win64; x64) AppleWeb
[2026-06-22T10:45:10.311Z] 返回结果: 找到 26 个, 返回 20 条
